<?xml version="1.0" encoding="UTF-8"?>
<testng-results skipped="0" failed="1" ignored="0" total="1" passed="0">
  <reporter-output>
  </reporter-output>
  <suite name="Default suite" duration-ms="63" started-at="2022-08-01T22:32:12 IST" finished-at="2022-08-01T22:32:12 IST">
    <groups>
    </groups>
    <test name="Default test" duration-ms="63" started-at="2022-08-01T22:32:12 IST" finished-at="2022-08-01T22:32:12 IST">
      <class name="com.testng.features.Timeout_Browser">
        <test-method status="FAIL" signature="timeout_Demo()[pri:0, instance:com.testng.features.Timeout_Browser@1b26f7b2]" name="timeout_Demo" duration-ms="37" started-at="2022-08-01T22:32:12 IST" finished-at="2022-08-01T22:32:12 IST">
          <exception class="java.lang.IllegalStateException">
            <message>
              <![CDATA[The driver executable must exist: D:\Maven_July22\Driver\chromedriver.exe]]>
            </message>
            <full-stacktrace>
              <![CDATA[java.lang.IllegalStateException: The driver executable must exist: D:\Maven_July22\Driver\chromedriver.exe
at org.openqa.selenium.internal.Require$FileStateChecker.isFile(Require.java:342)
at org.openqa.selenium.remote.service.DriverService.checkExecutable(DriverService.java:147)
at org.openqa.selenium.remote.service.DriverService.findExecutable(DriverService.java:142)
at org.openqa.selenium.chrome.ChromeDriverService.access$000(ChromeDriverService.java:39)
at org.openqa.selenium.chrome.ChromeDriverService$Builder.findDefaultExecutable(ChromeDriverService.java:233)
at org.openqa.selenium.remote.service.DriverService$Builder.build(DriverService.java:437)
at org.openqa.selenium.chrome.ChromeDriverService.createDefaultService(ChromeDriverService.java:128)
at org.openqa.selenium.chrome.ChromeDriver.<init>(ChromeDriver.java:49)
at com.utilityfiles.Utility_Files.browser_Launch(Utility_Files.java:40)
at com.testng.features.Timeout_Browser.timeout_Demo(Timeout_Browser.java:15)
at sun.reflect.NativeMethodAccessorImpl.invoke0(Native Method)
at sun.reflect.NativeMethodAccessorImpl.invoke(NativeMethodAccessorImpl.java:62)
at sun.reflect.DelegatingMethodAccessorImpl.invoke(DelegatingMethodAccessorImpl.java:43)
at java.lang.reflect.Method.invoke(Method.java:498)
at org.testng.internal.MethodInvocationHelper.invokeMethod(MethodInvocationHelper.java:133)
at org.testng.internal.InvokeMethodRunnable.runOne(InvokeMethodRunnable.java:45)
at org.testng.internal.InvokeMethodRunnable.call(InvokeMethodRunnable.java:73)
at org.testng.internal.InvokeMethodRunnable.call(InvokeMethodRunnable.java:11)
at java.util.concurrent.FutureTask.run(FutureTask.java:266)
at java.util.concurrent.ThreadPoolExecutor.runWorker(ThreadPoolExecutor.java:1149)
at java.util.concurrent.ThreadPoolExecutor$Worker.run(ThreadPoolExecutor.java:624)
at java.lang.Thread.run(Thread.java:750)
]]>
            </full-stacktrace>
          </exception> <!-- java.lang.IllegalStateException -->
          <reporter-output>
          </reporter-output>
        </test-method> <!-- timeout_Demo -->
      </class> <!-- com.testng.features.Timeout_Browser -->
    </test> <!-- Default test -->
  </suite> <!-- Default suite -->
</testng-results>
